{
    "attachments": [],
    "execution": {
        "duration": 780,
        "end_time": 1770879623590,
        "stacktrace": "AssertionError: Assertion failed\n  at TestCase.runTest (/tests/runner.py:145)\n  at TestSuite.execute (/tests/suite.py:89)\n  at main (/tests/main.py:23)",
        "start_time": 1770879622810,
        "status": "failed",
        "thread": "worker-2"
    },
    "fields": {
        "description": "\nThis test verifies the password validation rules:\n- Minimum 8 characters\n- At least one uppercase letter\n- At least one lowercase letter\n- At least one digit\n- At least one special character\n"
    },
    "id": "51a604d6-817d-4f61-879e-ea73b35db17d",
    "message": "AssertionError: Expected value did not match actual result",
    "muted": false,
    "param_groups": [],
    "params": {},
    "relations": {
        "suite": {
            "data": [
                {
                    "public_id": null,
                    "title": "tests"
                },
                {
                    "public_id": null,
                    "title": "test_basic"
                }
            ]
        }
    },
    "signature": "tests::test_basic.py::test_password_validation",
    "steps": [],
    "testops_ids": null,
    "title": "test_password_validation"
}
