{
  "id": "test-003",
  "title": "Login with empty email",
  "signature": "auth.login.empty_email",
  "run_id": null,
  "testops_id": null,
  "execution": {
    "status": "failed",
    "start_time": 1707580805000,
    "end_time": 1707580806800,
    "duration": 1800,
    "stacktrace": "AssertionError: expected true to equal false\n    at Context.<anonymous> (test/auth.spec.js:72:12)",
    "thread": "main"
  },
  "fields": {},
  "attachments": [],
  "steps": [],
  "params": {},
  "author": null,
  "relations": {
    "suite": {
      "data": [{ "title": "Auth Tests", "public_id": null }]
    }
  },
  "muted": false,
  "message": "AssertionError: expected true to equal false - validation error should appear"
}
