{
  "id": "test-002",
  "title": "Login with invalid password",
  "signature": "auth.login.invalid_password",
  "run_id": null,
  "testops_id": null,
  "execution": {
    "status": "failed",
    "start_time": 1707580802000,
    "end_time": 1707580804000,
    "duration": 2000,
    "stacktrace": "AssertionError: expected true to equal false\n    at Context.<anonymous> (test/auth.spec.js:45:12)",
    "thread": "main"
  },
  "fields": {},
  "attachments": [],
  "steps": [],
  "params": {},
  "author": null,
  "relations": {
    "suite": {
      "data": [{ "title": "Auth Tests", "public_id": null }]
    }
  },
  "muted": false,
  "message": "AssertionError: expected true to equal false - login should succeed with correct credentials"
}
